{"total": {"lines":{"total":85,"covered":45,"skipped":0,"pct":52.94},"statements":{"total":90,"covered":45,"skipped":0,"pct":50},"functions":{"total":19,"covered":2,"skipped":0,"pct":10.52},"branches":{"total":25,"covered":7,"skipped":0,"pct":28},"branchesTrue":{"total":0,"covered":0,"skipped":0,"pct":100}}
,"/home/runner/work/mono/mono/api/src/constants.js": {"lines":{"total":1,"covered":1,"skipped":0,"pct":100},"functions":{"total":0,"covered":0,"skipped":0,"pct":100},"statements":{"total":1,"covered":1,"skipped":0,"pct":100},"branches":{"total":0,"covered":0,"skipped":0,"pct":100}}
,"/home/runner/work/mono/mono/api/src/index.js": {"lines":{"total":16,"covered":16,"skipped":0,"pct":100},"functions":{"total":1,"covered":1,"skipped":0,"pct":100},"statements":{"total":16,"covered":16,"skipped":0,"pct":100},"branches":{"total":7,"covered":7,"skipped":0,"pct":100}}
,"/home/runner/work/mono/mono/api/src/actions/debug.js": {"lines":{"total":4,"covered":4,"skipped":0,"pct":100},"functions":{"total":1,"covered":1,"skipped":0,"pct":100},"statements":{"total":4,"covered":4,"skipped":0,"pct":100},"branches":{"total":0,"covered":0,"skipped":0,"pct":100}}
,"/home/runner/work/mono/mono/api/src/actions/index.js": {"lines":{"total":1,"covered":1,"skipped":0,"pct":100},"functions":{"total":0,"covered":0,"skipped":0,"pct":100},"statements":{"total":1,"covered":1,"skipped":0,"pct":100},"branches":{"total":0,"covered":0,"skipped":0,"pct":100}}
,"/home/runner/work/mono/mono/api/src/methods/build-context.js": {"lines":{"total":3,"covered":1,"skipped":0,"pct":33.33},"functions":{"total":1,"covered":0,"skipped":0,"pct":0},"statements":{"total":3,"covered":1,"skipped":0,"pct":33.33},"branches":{"total":4,"covered":0,"skipped":0,"pct":0}}
,"/home/runner/work/mono/mono/api/src/methods/helpers.js": {"lines":{"total":12,"covered":7,"skipped":0,"pct":58.33},"functions":{"total":5,"covered":0,"skipped":0,"pct":0},"statements":{"total":12,"covered":7,"skipped":0,"pct":58.33},"branches":{"total":0,"covered":0,"skipped":0,"pct":100}}
,"/home/runner/work/mono/mono/api/src/methods/responses.js": {"lines":{"total":6,"covered":6,"skipped":0,"pct":100},"functions":{"total":5,"covered":0,"skipped":0,"pct":0},"statements":{"total":11,"covered":6,"skipped":0,"pct":54.54},"branches":{"total":2,"covered":0,"skipped":0,"pct":0}}
,"/home/runner/work/mono/mono/api/src/methods/route.js": {"lines":{"total":12,"covered":3,"skipped":0,"pct":25},"functions":{"total":1,"covered":0,"skipped":0,"pct":0},"statements":{"total":12,"covered":3,"skipped":0,"pct":25},"branches":{"total":6,"covered":0,"skipped":0,"pct":0}}
,"/home/runner/work/mono/mono/api/src/methods/auth/create-token.js": {"lines":{"total":6,"covered":0,"skipped":0,"pct":0},"functions":{"total":1,"covered":0,"skipped":0,"pct":0},"statements":{"total":6,"covered":0,"skipped":0,"pct":0},"branches":{"total":0,"covered":0,"skipped":0,"pct":100}}
,"/home/runner/work/mono/mono/api/src/methods/auth/get-user-from-token.js": {"lines":{"total":24,"covered":6,"skipped":0,"pct":25},"functions":{"total":4,"covered":0,"skipped":0,"pct":0},"statements":{"total":24,"covered":6,"skipped":0,"pct":25},"branches":{"total":6,"covered":0,"skipped":0,"pct":0}}
}
